生成启动时间为 2019/2/20 星期三 23:19:33。
     1>项目“G:\Project\VSPro\Qtfir\Qtfir\Qtfir.vcxproj”在节点 2 上(build 个目标)。
     1>InitializeBuildStatus:
         正在创建“Debug\Qtfir.unsuccessfulbuild”，因为已指定“AlwaysCreate”。
       CustomBuild:
         所有输出均为最新。
       ClCompile:
         D:\VS2010\VC\bin\CL.exe /c /I.\GeneratedFiles /I. /ID:\Qt\5.5\msvc2010\include /I.\GeneratedFiles\Debug /ID:\Qt\5.5\msvc2010\include\QtCore /ID:\Qt\5.5\msvc2010\include\QtGui /ID:\Qt\5.5\msvc2010\include\QtWidgets /Zi /nologo /W1 /WX- /Od /Oy- /D UNICODE /D WIN32 /D WIN64 /D QT_DLL /D QT_CORE_LIB /D QT_GUI_LIB /D QT_WIDGETS_LIB /Gm- /EHsc /MDd /GS /fp:precise /Zc:wchar_t /Zc:forScope /Fo"Debug\\" /Fd"Debug\vc100.pdb" /Gd /TP /analyze- /errorReport:prompt GoToCellDialog.cpp
         GoToCellDialog.cpp
         所有输出均为最新。
       Link:
         D:\VS2010\VC\bin\link.exe /ERRORREPORT:PROMPT /OUT:"G:\Project\VSPro\Qtfir\Win32\Debug\\Qtfir.exe" /NOLOGO /LIBPATH:D:\Qt\5.5\msvc2010\lib qtmaind.lib Qt5Cored.lib Qt5Guid.lib Qt5Widgetsd.lib opencv_calib3d244d.lib opencv_contrib244d.lib opencv_core244d.lib opencv_features2d244d.lib opencv_flann244d.lib opencv_gpu244d.lib opencv_highgui244d.lib opencv_imgproc244d.lib opencv_legacy244d.lib opencv_ml244d.lib opencv_objdetect244d.lib opencv_ts244d.lib opencv_video244d.lib opencv_calib3d244.lib opencv_contrib244.lib opencv_core244.lib opencv_features2d244.lib opencv_flann244.lib opencv_gpu244.lib opencv_highgui244.lib opencv_imgproc244.lib opencv_legacy244.lib opencv_ml244.lib opencv_objdetect244.lib opencv_ts244.lib opencv_video244.lib dxerr.lib dxguid.lib d3dx9d.lib d3dx10d.lib d3d9.lib winmm.lib comctl32.lib kernel32.lib user32.lib gdi32.lib winspool.lib comdlg32.lib advapi32.lib shell32.lib ole32.lib oleaut32.lib uuid.lib odbc32.lib odbccp32.lib /MANIFEST /ManifestFile:"Debug\Qtfir.exe.intermediate.manifest" /MANIFESTUAC:"level='asInvoker' uiAccess='false'" /DEBUG /PDB:"G:\Project\VSPro\Qtfir\Win32\Debug\Qtfir.pdb" /SUBSYSTEM:WINDOWS /TLBID:1 /DYNAMICBASE /NXCOMPAT /IMPLIB:"G:\Project\VSPro\Qtfir\Win32\Debug\Qtfir.lib" /MACHINE:X86 Debug\moc_GoToCellDialog.obj
         Debug\moc_qtfir.obj
         Debug\qrc_qtfir.obj
         Debug\GoToCellDialog.obj
         Debug\main.obj
         Debug\qtfir.obj
         LINK : 没有找到 G:\Project\VSPro\Qtfir\Win32\Debug\\Qtfir.exe 或上一个增量链接没有生成它；正在执行完全链接
         Qtfir.vcxproj -> G:\Project\VSPro\Qtfir\Win32\Debug\Qtfir.exe
       Manifest:
         C:\Program Files (x86)\Microsoft SDKs\Windows\v7.0A\bin\mt.exe /nologo /verbose /outputresource:"G:\Project\VSPro\Qtfir\Win32\Debug\\Qtfir.exe;#1" /manifest Debug\Qtfir.exe.intermediate.manifest
       FinalizeBuildStatus:
         正在删除文件“Debug\Qtfir.unsuccessfulbuild”。
         正在对“Debug\Qtfir.lastbuildstate”执行 Touch 任务。
     1>已完成生成项目“G:\Project\VSPro\Qtfir\Qtfir\Qtfir.vcxproj”(build 个目标)的操作。

生成成功。

已用时间 00:00:07.39
