生成启动时间为 2019/1/2 星期三 17:39:45。
     1>项目“G:\VSPro\StringContain\StringContain\StringContain.vcxproj”在节点 2 上(build 个目标)。
     1>InitializeBuildStatus:
         正在对“Debug\StringContain.unsuccessfulbuild”执行 Touch 任务。
       ClCompile:
         D:\VS2010\VC\bin\CL.exe /c /ZI /nologo /W3 /WX- /Od /Oy- /D WIN32 /D _DEBUG /D _CONSOLE /D _UNICODE /D UNICODE /Gm /EHsc /RTC1 /MDd /GS /fp:precise /Zc:wchar_t /Zc:forScope /Fo"Debug\\" /Fd"Debug\vc100.pdb" /Gd /TP /analyze- /errorReport:prompt main.cpp
         main.cpp
     1>g:\vspro\stringcontain\stringcontain\main.cpp(26): warning C4018: “<”: 有符号/无符号不匹配
     1>g:\vspro\stringcontain\stringcontain\main.cpp(29): warning C4018: “<”: 有符号/无符号不匹配
     1>g:\vspro\stringcontain\stringcontain\main.cpp(30): warning C4018: “>=”: 有符号/无符号不匹配
     1>g:\vspro\stringcontain\stringcontain\main.cpp(43): warning C4018: “<”: 有符号/无符号不匹配
     1>g:\vspro\stringcontain\stringcontain\main.cpp(45): warning C4018: “<”: 有符号/无符号不匹配
     1>g:\vspro\stringcontain\stringcontain\main.cpp(49): warning C4018: “>=”: 有符号/无符号不匹配
     1>g:\vspro\stringcontain\stringcontain\main.cpp(62): warning C4018: “<”: 有符号/无符号不匹配
     1>g:\vspro\stringcontain\stringcontain\main.cpp(66): warning C4018: “<”: 有符号/无符号不匹配
       ManifestResourceCompile:
         所有输出均为最新。
       Link:
         D:\VS2010\VC\bin\link.exe /ERRORREPORT:PROMPT /OUT:"G:\VSPro\StringContain\Debug\StringContain.exe" /INCREMENTAL /NOLOGO opencv_calib3d244d.lib opencv_contrib244d.lib opencv_core244d.lib opencv_features2d244d.lib opencv_flann244d.lib opencv_gpu244d.lib opencv_highgui244d.lib opencv_imgproc244d.lib opencv_legacy244d.lib opencv_ml244d.lib opencv_objdetect244d.lib opencv_ts244d.lib opencv_video244d.lib opencv_calib3d244.lib opencv_contrib244.lib opencv_core244.lib opencv_features2d244.lib opencv_flann244.lib opencv_gpu244.lib opencv_highgui244.lib opencv_imgproc244.lib opencv_legacy244.lib opencv_ml244.lib opencv_objdetect244.lib opencv_ts244.lib opencv_video244.lib dxerr.lib dxguid.lib d3dx9d.lib d3dx10d.lib d3d9.lib winmm.lib comctl32.lib kernel32.lib user32.lib gdi32.lib winspool.lib comdlg32.lib advapi32.lib shell32.lib ole32.lib oleaut32.lib uuid.lib odbc32.lib odbccp32.lib /MANIFEST /ManifestFile:"Debug\StringContain.exe.intermediate.manifest" /MANIFESTUAC:"level='asInvoker' uiAccess='false'" /DEBUG /PDB:"G:\VSPro\StringContain\Debug\StringContain.pdb" /SUBSYSTEM:CONSOLE /TLBID:1 /DYNAMICBASE /NXCOMPAT /IMPLIB:"G:\VSPro\StringContain\Debug\StringContain.lib" /MACHINE:X86 Debug\StringContain.exe.embed.manifest.res
         Debug\main.obj
       Manifest:
         C:\Program Files (x86)\Microsoft SDKs\Windows\v7.0A\bin\mt.exe /nologo /verbose /out:"Debug\StringContain.exe.embed.manifest" /manifest Debug\StringContain.exe.intermediate.manifest
         所有输出均为最新。
       LinkEmbedManifest:
         所有输出均为最新。
         StringContain.vcxproj -> G:\VSPro\StringContain\Debug\StringContain.exe
       FinalizeBuildStatus:
         正在删除文件“Debug\StringContain.unsuccessfulbuild”。
         正在对“Debug\StringContain.lastbuildstate”执行 Touch 任务。
     1>已完成生成项目“G:\VSPro\StringContain\StringContain\StringContain.vcxproj”(build 个目标)的操作。

生成成功。

已用时间 00:00:01.71
